build/app/intermediates/manifest_merge_blame_file/release/processReleaseMainManifest/manifest-merger-blame-release-report.txt
1<?xml version="1.0" encoding="utf-8"?>
2<manifest xmlns:android="http://schemas.android.com/apk/res/android"
3    package="com.example.fitness_tracker"
4    android:versionCode="1"
5    android:versionName="1.0.0" >
6
7    <uses-sdk
8        android:minSdkVersion="31"
9        android:targetSdkVersion="35" />
10
11    <!-- Add the permissions below -->
12    <uses-permission android:name="android.permission.ACTIVITY_RECOGNITION" />
12-->src\main\AndroidManifest.xml:5:5-78
12-->src\main\AndroidManifest.xml:5:22-76
13    <!-- For older devices -->
14    <uses-permission android:name="android.permission.BODY_SENSORS" />
14-->src\main\AndroidManifest.xml:7:5-70
14-->src\main\AndroidManifest.xml:7:22-68
15    <!--
16         Required to query activities that can process text, see:
17         https://developer.android.com/training/package-visibility and
18         https://developer.android.com/reference/android/content/Intent#ACTION_PROCESS_TEXT.
19
20         In particular, this is used by the Flutter engine in io.flutter.plugin.text.ProcessTextPlugin.
21    -->
22    <queries>
22-->src\main\AndroidManifest.xml:46:5-51:15
23        <intent>
23-->src\main\AndroidManifest.xml:47:9-50:18
24            <action android:name="android.intent.action.PROCESS_TEXT" />
24-->src\main\AndroidManifest.xml:48:13-72
24-->src\main\AndroidManifest.xml:48:21-70
25
26            <data android:mimeType="text/plain" />
26-->src\main\AndroidManifest.xml:49:13-50
26-->src\main\AndroidManifest.xml:49:19-48
27        </intent>
28    </queries>
29
30    <permission
30-->[androidx.core:core:1.13.1] AndroidManifest.xml:22:5-24:47
31        android:name="com.example.fitness_tracker.DYNAMIC_RECEIVER_NOT_EXPORTED_PERMISSION"
31-->[androidx.core:core:1.13.1] AndroidManifest.xml:23:9-81
32        android:protectionLevel="signature" />
32-->[androidx.core:core:1.13.1] AndroidManifest.xml:24:9-44
33
34    <uses-permission android:name="com.example.fitness_tracker.DYNAMIC_RECEIVER_NOT_EXPORTED_PERMISSION" />
34-->[androidx.core:core:1.13.1] AndroidManifest.xml:26:5-97
34-->[androidx.core:core:1.13.1] AndroidManifest.xml:26:22-94
35
36    <application
37        android:name="android.app.Application"
37-->src\main\AndroidManifest.xml:11:9-42
38        android:appComponentFactory="androidx.core.app.CoreComponentFactory"
38-->[androidx.core:core:1.13.1] AndroidManifest.xml:28:18-86
39        android:extractNativeLibs="false"
40        android:icon="@mipmap/ic_launcher"
40-->src\main\AndroidManifest.xml:12:9-43
41        android:label="fitness_tracker" >
41-->src\main\AndroidManifest.xml:10:9-40
42        <activity
42-->src\main\AndroidManifest.xml:13:9-34:20
43            android:name="com.example.fitness_tracker.MainActivity"
43-->src\main\AndroidManifest.xml:14:13-41
44            android:configChanges="orientation|keyboardHidden|keyboard|screenSize|smallestScreenSize|locale|layoutDirection|fontScale|screenLayout|density|uiMode"
44-->src\main\AndroidManifest.xml:19:13-163
45            android:exported="true"
45-->src\main\AndroidManifest.xml:15:13-36
46            android:hardwareAccelerated="true"
46-->src\main\AndroidManifest.xml:20:13-47
47            android:launchMode="singleTop"
47-->src\main\AndroidManifest.xml:16:13-43
48            android:taskAffinity=""
48-->src\main\AndroidManifest.xml:17:13-36
49            android:theme="@style/LaunchTheme"
49-->src\main\AndroidManifest.xml:18:13-47
50            android:windowSoftInputMode="adjustResize" >
50-->src\main\AndroidManifest.xml:21:13-55
51
52            <!--
53                 Specifies an Android theme to apply to this Activity as soon as
54                 the Android process has started. This theme is visible to the user
55                 while the Flutter UI initializes. After that, this theme continues
56                 to determine the Window background behind the Flutter UI.
57            -->
58            <meta-data
58-->src\main\AndroidManifest.xml:26:13-29:17
59                android:name="io.flutter.embedding.android.NormalTheme"
59-->src\main\AndroidManifest.xml:27:15-70
60                android:resource="@style/NormalTheme" />
60-->src\main\AndroidManifest.xml:28:15-52
61
62            <intent-filter>
62-->src\main\AndroidManifest.xml:30:13-33:29
63                <action android:name="android.intent.action.MAIN" />
63-->src\main\AndroidManifest.xml:31:17-68
63-->src\main\AndroidManifest.xml:31:25-66
64
65                <category android:name="android.intent.category.LAUNCHER" />
65-->src\main\AndroidManifest.xml:32:17-76
65-->src\main\AndroidManifest.xml:32:27-74
66            </intent-filter>
67        </activity>
68        <!--
69             Don't delete the meta-data below.
70             This is used by the Flutter tool to generate GeneratedPluginRegistrant.java
71        -->
72        <meta-data
72-->src\main\AndroidManifest.xml:37:9-39:33
73            android:name="flutterEmbedding"
73-->src\main\AndroidManifest.xml:38:13-44
74            android:value="2" />
74-->src\main\AndroidManifest.xml:39:13-30
75
76        <activity
76-->[:url_launcher_android] AndroidManifest.xml:8:9-11:74
77            android:name="io.flutter.plugins.urllauncher.WebViewActivity"
77-->[:url_launcher_android] AndroidManifest.xml:9:13-74
78            android:exported="false"
78-->[:url_launcher_android] AndroidManifest.xml:10:13-37
79            android:theme="@android:style/Theme.NoTitleBar.Fullscreen" />
79-->[:url_launcher_android] AndroidManifest.xml:11:13-71
80
81        <uses-library
81-->[androidx.window:window:1.2.0] AndroidManifest.xml:23:9-25:40
82            android:name="androidx.window.extensions"
82-->[androidx.window:window:1.2.0] AndroidManifest.xml:24:13-54
83            android:required="false" />
83-->[androidx.window:window:1.2.0] AndroidManifest.xml:25:13-37
84        <uses-library
84-->[androidx.window:window:1.2.0] AndroidManifest.xml:26:9-28:40
85            android:name="androidx.window.sidecar"
85-->[androidx.window:window:1.2.0] AndroidManifest.xml:27:13-51
86            android:required="false" />
86-->[androidx.window:window:1.2.0] AndroidManifest.xml:28:13-37
87
88        <provider
88-->[androidx.lifecycle:lifecycle-process:2.7.0] AndroidManifest.xml:24:9-32:20
89            android:name="androidx.startup.InitializationProvider"
89-->[androidx.lifecycle:lifecycle-process:2.7.0] AndroidManifest.xml:25:13-67
90            android:authorities="com.example.fitness_tracker.androidx-startup"
90-->[androidx.lifecycle:lifecycle-process:2.7.0] AndroidManifest.xml:26:13-68
91            android:exported="false" >
91-->[androidx.lifecycle:lifecycle-process:2.7.0] AndroidManifest.xml:27:13-37
92            <meta-data
92-->[androidx.lifecycle:lifecycle-process:2.7.0] AndroidManifest.xml:29:13-31:52
93                android:name="androidx.lifecycle.ProcessLifecycleInitializer"
93-->[androidx.lifecycle:lifecycle-process:2.7.0] AndroidManifest.xml:30:17-78
94                android:value="androidx.startup" />
94-->[androidx.lifecycle:lifecycle-process:2.7.0] AndroidManifest.xml:31:17-49
95            <meta-data
95-->[androidx.profileinstaller:profileinstaller:1.3.1] AndroidManifest.xml:29:13-31:52
96                android:name="androidx.profileinstaller.ProfileInstallerInitializer"
96-->[androidx.profileinstaller:profileinstaller:1.3.1] AndroidManifest.xml:30:17-85
97                android:value="androidx.startup" />
97-->[androidx.profileinstaller:profileinstaller:1.3.1] AndroidManifest.xml:31:17-49
98        </provider>
99
100        <receiver
100-->[androidx.profileinstaller:profileinstaller:1.3.1] AndroidManifest.xml:34:9-52:20
101            android:name="androidx.profileinstaller.ProfileInstallReceiver"
101-->[androidx.profileinstaller:profileinstaller:1.3.1] AndroidManifest.xml:35:13-76
102            android:directBootAware="false"
102-->[androidx.profileinstaller:profileinstaller:1.3.1] AndroidManifest.xml:36:13-44
103            android:enabled="true"
103-->[androidx.profileinstaller:profileinstaller:1.3.1] AndroidManifest.xml:37:13-35
104            android:exported="true"
104-->[androidx.profileinstaller:profileinstaller:1.3.1] AndroidManifest.xml:38:13-36
105            android:permission="android.permission.DUMP" >
105-->[androidx.profileinstaller:profileinstaller:1.3.1] AndroidManifest.xml:39:13-57
106            <intent-filter>
106-->[androidx.profileinstaller:profileinstaller:1.3.1] AndroidManifest.xml:40:13-42:29
107                <action android:name="androidx.profileinstaller.action.INSTALL_PROFILE" />
107-->[androidx.profileinstaller:profileinstaller:1.3.1] AndroidManifest.xml:41:17-91
107-->[androidx.profileinstaller:profileinstaller:1.3.1] AndroidManifest.xml:41:25-88
108            </intent-filter>
109            <intent-filter>
109-->[androidx.profileinstaller:profileinstaller:1.3.1] AndroidManifest.xml:43:13-45:29
110                <action android:name="androidx.profileinstaller.action.SKIP_FILE" />
110-->[androidx.profileinstaller:profileinstaller:1.3.1] AndroidManifest.xml:44:17-85
110-->[androidx.profileinstaller:profileinstaller:1.3.1] AndroidManifest.xml:44:25-82
111            </intent-filter>
112            <intent-filter>
112-->[androidx.profileinstaller:profileinstaller:1.3.1] AndroidManifest.xml:46:13-48:29
113                <action android:name="androidx.profileinstaller.action.SAVE_PROFILE" />
113-->[androidx.profileinstaller:profileinstaller:1.3.1] AndroidManifest.xml:47:17-88
113-->[androidx.profileinstaller:profileinstaller:1.3.1] AndroidManifest.xml:47:25-85
114            </intent-filter>
115            <intent-filter>
115-->[androidx.profileinstaller:profileinstaller:1.3.1] AndroidManifest.xml:49:13-51:29
116                <action android:name="androidx.profileinstaller.action.BENCHMARK_OPERATION" />
116-->[androidx.profileinstaller:profileinstaller:1.3.1] AndroidManifest.xml:50:17-95
116-->[androidx.profileinstaller:profileinstaller:1.3.1] AndroidManifest.xml:50:25-92
117            </intent-filter>
118        </receiver>
119    </application>
120
121</manifest>